<?xml version="1.0" encoding="UTF-8"?>
<testsuite xmlns:xsi="http://www.w3.org/2001/XMLSchema-instance" xsi:noNamespaceSchemaLocation="https://maven.apache.org/surefire/maven-failsafe-plugin/xsd/failsafe-test-report-3.0.xsd" version="3.0" name="com.taf.runner.Runner" time="2.809" tests="1" errors="1" skipped="0" failures="0">
  <properties>
[...]
</properties>
  <testcase name="Get Properties" classname="Get status of HW phone" time="2.215">
    <error type="java.lang.ExceptionInInitializerError"><![CDATA[java.lang.ExceptionInInitializerError
	at net.serenitybdd.rest.utils.RestDecorationHelper.decorate(RestDecorationHelper.java:20)
	at net.serenitybdd.rest.SerenityRest.fetchRequestSpecification(SerenityRest.java:233)
	at net.serenitybdd.rest.SerenityRest.given(SerenityRest.java:220)
	at com.taf.api.utilities.Utility.buildRequest(Utility.java:219)
	at com.taf.api.stepDefs.CommonStepDef.i_send_the_something_request_to_something(CommonStepDef.java:35)
	at ✽.I send the "get" request to "get properties of the HW phone"(file:///Users/niswey/Documents/qa-niswey-hw-api/src/test/resources/features/api/consumptionPortal/niswey_demo.feature:14)
Caused by: java.lang.UnsupportedOperationException: Cannot define class using reflection: Unable to make protected java.lang.Package java.lang.ClassLoader.getPackage(java.lang.String) accessible: module java.base does not "opens java.lang" to unnamed module @6d6a0534
	at net.bytebuddy.dynamic.loading.ClassInjector$UsingReflection$Dispatcher$Initializable$Unavailable.defineClass(ClassInjector.java:472)
	at net.bytebuddy.dynamic.loading.ClassInjector$UsingReflection.injectRaw(ClassInjector.java:284)
	at net.bytebuddy.dynamic.loading.ClassInjector$AbstractBase.inject(ClassInjector.java:118)
	at net.bytebuddy.dynamic.loading.ClassLoadingStrategy$Default$InjectionDispatcher.load(ClassLoadingStrategy.java:241)
	at net.bytebuddy.dynamic.loading.ClassLoadingStrategy$Default.load(ClassLoadingStrategy.java:148)
	at net.bytebuddy.dynamic.TypeResolutionStrategy$Passive.initialize(TypeResolutionStrategy.java:101)
	at net.bytebuddy.dynamic.DynamicType$Default$Unloaded.load(DynamicType.java:6166)
	at net.serenitybdd.rest.utils.RestSpecificationFactory.<clinit>(RestSpecificationFactory.java:60)
	at net.serenitybdd.rest.utils.RestDecorationHelper.decorate(RestDecorationHelper.java:20)
	at net.serenitybdd.rest.SerenityRest.fetchRequestSpecification(SerenityRest.java:233)
	at net.serenitybdd.rest.SerenityRest.given(SerenityRest.java:220)
	at com.taf.api.utilities.Utility.buildRequest(Utility.java:219)
	at com.taf.api.stepDefs.CommonStepDef.i_send_the_something_request_to_something(CommonStepDef.java:35)
	at java.base/java.lang.reflect.Method.invoke(Method.java:580)
	at io.cucumber.java.Invoker.doInvoke(Invoker.java:66)
	at io.cucumber.java.Invoker.invoke(Invoker.java:24)
	at io.cucumber.java.AbstractGlueDefinition.invokeMethod(AbstractGlueDefinition.java:47)
	at io.cucumber.java.JavaStepDefinition.execute(JavaStepDefinition.java:29)
	at io.cucumber.core.runner.CoreStepDefinition.execute(CoreStepDefinition.java:66)
	at io.cucumber.core.runner.PickleStepDefinitionMatch.runStep(PickleStepDefinitionMatch.java:63)
	at io.cucumber.core.runner.ExecutionMode$1.execute(ExecutionMode.java:10)
	at io.cucumber.core.runner.TestStep.executeStep(TestStep.java:81)
	at io.cucumber.core.runner.TestStep.run(TestStep.java:53)
	at io.cucumber.core.runner.PickleStepTestStep.run(PickleStepTestStep.java:51)
	at io.cucumber.core.runner.TestCase.run(TestCase.java:84)
	at io.cucumber.core.runner.Runner.runPickle(Runner.java:75)
	at io.cucumber.junit.PickleRunners$NoStepDescriptions.lambda$run$0(PickleRunners.java:151)
	at io.cucumber.core.runtime.CucumberExecutionContext.lambda$runTestCase$5(CucumberExecutionContext.java:136)
	at io.cucumber.core.runtime.RethrowingThrowableCollector.executeAndThrow(RethrowingThrowableCollector.java:23)
	at io.cucumber.core.runtime.CucumberExecutionContext.runTestCase(CucumberExecutionContext.java:136)
	at io.cucumber.junit.PickleRunners$NoStepDescriptions.run(PickleRunners.java:148)
	at io.cucumber.junit.FeatureRunner.runChild(FeatureRunner.java:144)
	at io.cucumber.junit.FeatureRunner.runChild(FeatureRunner.java:28)
	at io.cucumber.junit.FeatureRunner.run(FeatureRunner.java:137)
	at io.cucumber.junit.CucumberSerenityBaseRunner.runChild(CucumberSerenityBaseRunner.java:332)
	at io.cucumber.junit.CucumberSerenityBaseRunner.runChild(CucumberSerenityBaseRunner.java:53)
	at io.cucumber.junit.CucumberSerenityBaseRunner$RunCucumber.evaluate(CucumberSerenityBaseRunner.java:363)
]]></error>
    <system-out><![CDATA[1192 [main] INFO   - &amp#27;[96m

-------------------------------------------------------------------------------------
     _______. _______ .______       _______ .__   __.  __  .___________.____    ____ 
    /       ||   ____||   _  \     |   ____||  \ |  | |  | |           |\   \  /   / 
   |   (----`|  |__   |  |_)  |    |  |__   |   \|  | |  | `---|  |----` \   \/   /  
    \   \    |   __|  |      /     |   __|  |  . `  | |  |     |  |       \_    _/   
.----)   |   |  |____ |  |\  \----.|  |____ |  |\   | |  |     |  |         |  |     
|_______/    |_______|| _| `._____||_______||__| \__| |__|     |__|         |__|    
                                                                                     
 News and tutorials at https://serenity-bdd.info                                     
 Documentation at https://serenity-bdd.github.io                                     
 Test Automation Training and Coaching: https://www.serenity-dojo.com                
 Commercial Support: https://www.serenity-dojo.com/serenity-bdd-enterprise-support   
 Join the Serenity Community on Gitter: https://gitter.im/serenity-bdd/serenity-core 
-------------------------------------------------------------------------------------
&amp#27;[0m 
1215 [main] INFO   - Test Suite Started: Get status of HW phone 
1347 [main] INFO   - Test Suite Started: Get status of HW phone 
1723 [main] INFO   - 
  _____   ___   ___   _____     ___   _____     _     ___   _____   ___   ___  
 |_   _| | __| / __| |_   _|   / __| |_   _|   /_\   | _ \ |_   _| | __| |   \ 
   | |   | _|  \__ \   | |     \__ \   | |    / _ \  |   /   | |   | _|  | |) |
   |_|   |___| |___/   |_|     |___/   |_|   /_/ \_\ |_|_\   |_|   |___| |___/ 

Get Properties(get-status-of-hw-phone;get-properties)
-------------------------------------------------------------------------------- 
1756 [main] INFO   - &amp#27;[92m|-- Given I have endpoint as "apiBaseUrl/GET_PROPERTIES"&amp#27;[0m 
1885 [main] INFO  com.taf.base.Base - Config.properties loaded 
1886 [main] INFO  com.taf.base.Base - Loading env1.properties loaded 
1890 [main] INFO  com.taf.base.Base - env1.properties loaded 
1891 [main] INFO  com.taf.base.Base - Constants loaded in Properties map 
1891 [main] INFO  com.taf.base.Base - Created endpoint is:https://dev.niswey.net/v1/getV3Properties 
1902 [main] INFO   - &amp#27;[92m|-- When I send the "get" request to "get properties of the HW phone"
| description | key | value |
| queryParam | user_id | cHJhdmVlbkBuaXN3ZXkuY29tfDI3MjAzMjc= |
| queryParam | contact_id | 21728779167 |
| queryParam | object_type | contacts |&amp#27;[0m 
3401 [main] INFO   - &amp#27;[91mSTEP ERROR: java.lang.ExceptionInInitializerError&amp#27;[0m 
3419 [main] INFO   - &amp#27;[92m|---- Then I should see the response status code as "200"&amp#27;[0m 
3428 [main] INFO   - &amp#27;[33m      -> STEP IGNORED&amp#27;[0m 
3442 [main] ERROR  - &amp#27;[91m
  _____   ___   ___   _____     ___   ___   ___    ___    ___ 
 |_   _| | __| / __| |_   _|   | __| | _ \ | _ \  / _ \  | _ \
   | |   | _|  \__ \   | |     | _|  |   / |   / | (_) | |   /
   |_|   |___| |___/   |_|     |___| |_|_\ |_|_\  \___/  |_|_\

Get Properties
---------------------------------------------------------------&amp#27;[0m 
3533 [main] ERROR  - &amp#27;[91m    Test failed at step: When I send the "get" request to "get properties of the HW phone" | description | key | value | | queryParam | user_id | cHJhdmVlbkBuaXN3ZXkuY29tfDI3MjAzMjc= | | queryParam | contact_id | 21728779167 | | queryParam | object_type | contacts |&amp#27;[0m 
3533 [main] ERROR  - &amp#27;[91m    &amp#27;[0m 
]]></system-out>
  </testcase>
</testsuite>